<?xml version="1.0" encoding="UTF-8"?>
<!-- Generated by org.testng.reporters.JUnitReportReporter -->
<testsuite skipped="0" hostname="LAPTOP-VNODU1E5" name="newPackage.scroll" tests="1" failures="0" timestamp="2020-08-11T18:29:25 IST" time="26.326" errors="0">
  <testcase name="scrollbar" time="26.326" classname="newPackage.scroll"/>
  <system-out/>
</testsuite> <!-- newPackage.scroll -->
