<?xml version="1.0" encoding="UTF-8"?>
<!-- Generated by org.testng.reporters.JUnitReportReporter -->
<testsuite skipped="0" hostname="LAPTOP-VNODU1E5" name="newPackage.FirstTest" tests="1" failures="0" timestamp="2020-06-12T20:12:36 IST" time="0.007" errors="0">
  <testcase name="fuck" time="0.007" classname="newPackage.FirstTest"/>
  <system-out/>
</testsuite> <!-- newPackage.FirstTest -->
