<?xml version="1.0" encoding="UTF-8"?>
<!-- Generated by org.testng.reporters.JUnitReportReporter -->
<testsuite skipped="0" hostname="LAPTOP-VNODU1E5" name="newPackage.Courses" tests="2" failures="0" timestamp="2020-08-12T11:40:21 IST" time="76.703" errors="0">
  <testcase name="verifyPageTitle" time="34.808" classname="newPackage.Courses"/>
  <system-out/>
  <testcase name="searchCourses" time="41.895" classname="newPackage.Courses"/>
  <system-out/>
</testsuite> <!-- newPackage.Courses -->
