<?xml version="1.0" encoding="UTF-8"?>
<!-- Generated by org.testng.reporters.JUnitReportReporter -->
<testsuite skipped="0" hostname="LAPTOP-VNODU1E5" name="newPackage.ReadExcelData" tests="2" failures="0" timestamp="2020-08-18T14:19:53 IST" time="0.539" errors="0">
  <testcase name="readExceldata1" time="0.521" classname="newPackage.ReadExcelData"/>
  <system-out/>
  <testcase name="readExceldata2" time="0.018" classname="newPackage.ReadExcelData"/>
  <system-out/>
</testsuite> <!-- newPackage.ReadExcelData -->
