<?xml version="1.0" encoding="UTF-8"?>
<!-- Generated by org.testng.reporters.JUnitReportReporter -->
<testsuite skipped="0" hostname="LAPTOP-VNODU1E5" name="newPackage.FirstSeleniumTest" tests="1" failures="0" timestamp="2020-06-12T20:16:43 IST" time="30.392" errors="0">
  <testcase name="firstTest" time="30.392" classname="newPackage.FirstSeleniumTest"/>
  <system-out/>
</testsuite> <!-- newPackage.FirstSeleniumTest -->
