<?xml version="1.0" encoding="UTF-8"?>
<!-- Generated by org.testng.reporters.JUnitReportReporter -->
<testsuite skipped="0" hostname="LAPTOP-VNODU1E5" name="newPackage.sampleClass" tests="1" failures="0" timestamp="2020-08-20T11:36:17 IST" time="31.631" errors="0">
  <testcase name="mainMethod" time="31.631" classname="newPackage.sampleClass"/>
  <system-out/>
</testsuite> <!-- newPackage.sampleClass -->
