<?xml version="1.0" encoding="UTF-8"?>
<!-- Generated by org.testng.reporters.JUnitReportReporter -->
<testsuite skipped="0" hostname="LAPTOP-VNODU1E5" name="testCases.CourseraTest" tests="2" failures="0" timestamp="2020-08-31T09:45:00 IST" time="90.863" errors="0">
  <testcase name="validatePageTitles" time="24.656" classname="testCases.CourseraTest"/>
  <system-out/>
  <testcase name="coursesTest" time="66.207" classname="testCases.CourseraTest"/>
  <system-out/>
</testsuite> <!-- testCases.CourseraTest -->
