<?xml version="1.0" encoding="UTF-8"?>
<!-- Generated by org.testng.reporters.JUnitReportReporter -->
<testsuite skipped="0" hostname="LAPTOP-VNODU1E5" name="testCases.CourseraTest" tests="1" failures="0" timestamp="2020-08-26T23:52:58 IST" time="34.519" errors="0">
  <testcase name="coursesTest" time="34.519" classname="testCases.CourseraTest"/>
  <system-out/>
</testsuite> <!-- testCases.CourseraTest -->
